2018-May-30 20:38:17.924895 CryptoBid 'test' (v0.0.0.1-testnet)
2018-May-30 20:38:17.925045 Setting log level = 0
2018-May-30 20:38:17.925074 default_log: ./cryptobid-wallet-cli.log
2018-May-30 20:38:17.925867 Logging at log level 0 to /root/CryptoBid/build/release/bin/./cryptobid-wallet-cli.log
2018-May-30 20:38:50.636754 ERROR /root/CryptoBid/contrib/epee/include/net/http_client.h:920 failed to connect localhost:19332
2018-May-30 20:38:50.667921 ERROR /root/CryptoBid/src/cryptonote_core/cryptonote_format_utils.cpp:92 Failed to parse transaction from blob
2018-May-30 20:38:50.667959 ERROR /root/CryptoBid/src/cryptonote_core/cryptonote_format_utils.cpp:1232 failed to parse coinbase tx from hard coded blob
2018-May-30 20:38:51.477447 ERROR /root/CryptoBid/contrib/epee/include/net/net_helper.h:580 Problems at shutdown: Transport endpoint is not connected
2018-May-30 20:38:51.478806 ERROR /root/CryptoBid/contrib/epee/include/net/net_helper.h:575 Problems at cancel: Bad file descriptor
2018-May-30 20:38:51.478838 ERROR /root/CryptoBid/contrib/epee/include/net/net_helper.h:580 Problems at shutdown: Bad file descriptor
2018-May-30 20:39:29.951327 CryptoBid 'test' (v0.0.0.1-testnet)
2018-May-30 20:39:29.951780 Setting log level = 0
2018-May-30 20:39:29.951806 default_log: ./cryptobid-wallet-cli.log
2018-May-30 20:39:29.952427 Logging at log level 0 to /root/CryptoBid/build/release/bin/./cryptobid-wallet-cli.log
2018-May-30 20:39:41.828353 Loaded wallet keys file, with public address: bidtonuYWMZLEqCqhRAkprRk7KQTrj3HZeJwAJNm1fTXE8quuDxkhbvE1XffEFHFxhcoVzUif5tkrimrceiRwaBU4yumjCevoaG
2018-May-30 20:39:41.903908 ERROR /root/CryptoBid/src/wallet/wallet2.cpp:2666 genesis_hash != m_blockchain[0]. THROW EXCEPTION: error::wallet_internal_error
2018-May-30 20:39:41.904035 /root/CryptoBid/src/wallet/wallet2.cpp:2666:N5tools5error21wallet_internal_errorE: Genesis block mismatch. You probably use wallet without testnet flag with blockchain from test network or vice versa
2018-May-30 20:39:41.906367 ERROR /root/CryptoBid/contrib/epee/include/net/net_helper.h:575 Problems at cancel: Bad file descriptor
2018-May-30 20:39:41.906389 ERROR /root/CryptoBid/contrib/epee/include/net/net_helper.h:580 Problems at shutdown: Bad file descriptor
2018-May-30 20:39:41.906542 Error: failed to load wallet: Genesis block mismatch. You probably use wallet without testnet flag with blockchain from test network or vice versa
2018-May-30 20:39:41.906601 ERROR /root/CryptoBid/src/simplewallet/simplewallet.cpp:1137 failed to open account
2018-May-30 20:39:41.906626 ERROR /root/CryptoBid/contrib/epee/include/net/net_helper.h:575 Problems at cancel: Bad file descriptor
2018-May-30 20:39:41.906641 ERROR /root/CryptoBid/contrib/epee/include/net/net_helper.h:580 Problems at shutdown: Bad file descriptor
2018-May-30 20:41:24.765992 CryptoBid 'test' (v0.0.0.1-testnet)
2018-May-30 20:41:24.766127 Setting log level = 0
2018-May-30 20:41:24.766380 default_log: ./cryptobid-wallet-cli.log
2018-May-30 20:41:24.766472 Logging at log level 0 to /root/CryptoBid/build/release/bin/./cryptobid-wallet-cli.log
2018-May-30 20:41:41.592601 Loaded wallet keys file, with public address: bid18Utjw381ptLCnm17tEgqLvpBYrY7G3SwbANohkpVPiGwbcJpSuzaFGHPWsxw9P2uY2t3GoRm2YyLiJLNdDDY8nJQccEPeK
2018-May-30 20:41:41.640453 ERROR /root/CryptoBid/src/cryptonote_core/cryptonote_format_utils.cpp:92 Failed to parse transaction from blob
2018-May-30 20:41:41.640530 ERROR /root/CryptoBid/src/cryptonote_core/cryptonote_format_utils.cpp:1232 failed to parse coinbase tx from hard coded blob
2018-May-30 20:41:41.644241 Error: wallet failed to connect to daemon: http://localhost:19332. Daemon either is not started or wrong port was passed. Please make sure daemon is running or restart the wallet with the correct daemon address.
2018-May-30 20:41:41.644452 Error: wallet failed to connect to daemon: http://localhost:19332. Daemon either is not started or wrong port was passed. Please make sure daemon is running or restart the wallet with the correct daemon address.
2018-May-30 20:42:49.012925 ERROR /root/CryptoBid/contrib/epee/include/net/net_helper.h:575 Problems at cancel: Bad file descriptor
2018-May-30 20:42:49.013073 ERROR /root/CryptoBid/contrib/epee/include/net/net_helper.h:580 Problems at shutdown: Bad file descriptor
2018-May-30 20:42:49.014495 ERROR /root/CryptoBid/contrib/epee/include/net/net_helper.h:580 Problems at shutdown: Transport endpoint is not connected
2018-May-30 20:49:48.849256 CryptoBid 'test' (v0.0.0.1-testnet)
2018-May-30 20:49:48.849378 Setting log level = 0
2018-May-30 20:49:48.849398 default_log: ./cryptobid-wallet-cli.log
2018-May-30 20:49:48.849559 Logging at log level 0 to /root/CryptoBid/build/release/bin/./cryptobid-wallet-cli.log
2018-May-30 20:49:59.512622 CryptoBid 'test' (v0.0.0.1-testnet)
2018-May-30 20:49:59.512714 Setting log level = 0
2018-May-30 20:49:59.512726 default_log: ./cryptobid-wallet-cli.log
2018-May-30 20:49:59.512773 Logging at log level 0 to /root/CryptoBid/build/release/bin/./cryptobid-wallet-cli.log
2018-May-30 20:50:21.057082 ERROR /root/CryptoBid/contrib/epee/include/net/http_client.h:920 failed to connect localhost:29332
2018-May-30 20:50:22.370788 Error: wallet failed to connect to daemon: http://localhost:29332. Daemon either is not started or wrong port was passed. Please make sure daemon is running or restart the wallet with the correct daemon address.
2018-May-30 20:50:22.373496 Error: wallet failed to connect to daemon: http://localhost:29332. Daemon either is not started or wrong port was passed. Please make sure daemon is running or restart the wallet with the correct daemon address.
2018-May-30 20:50:34.036094 ERROR /root/CryptoBid/contrib/epee/include/net/net_helper.h:580 Problems at shutdown: Transport endpoint is not connected
2018-May-30 20:50:34.037360 ERROR /root/CryptoBid/contrib/epee/include/net/net_helper.h:580 Problems at shutdown: Transport endpoint is not connected
2018-May-30 20:52:13.353332 CryptoBid 'test' (v0.0.0.1-testnet)
2018-May-30 20:52:13.355367 Setting log level = 0
2018-May-30 20:52:13.355410 default_log: ./cryptobid-wallet-cli.log
2018-May-30 20:52:13.355541 Logging at log level 0 to /root/CryptoBid/build/release/bin/./cryptobid-wallet-cli.log
2018-May-30 20:52:44.486011 ERROR /root/CryptoBid/contrib/epee/include/storages/portable_storage.h:161 portable_storage: wrong binary format - signature missmatch
2018-May-30 20:52:44.486113 ERROR /root/CryptoBid/src/wallet/wallet2.cpp:2162 !r. THROW EXCEPTION: error::invalid_password
2018-May-30 20:52:44.486205 /root/CryptoBid/src/wallet/wallet2.cpp:2162:N5tools5error16invalid_passwordE: invalid password
2018-May-30 20:52:44.486606 ERROR /root/CryptoBid/contrib/epee/include/net/net_helper.h:575 Problems at cancel: Bad file descriptor
2018-May-30 20:52:44.486628 ERROR /root/CryptoBid/contrib/epee/include/net/net_helper.h:580 Problems at shutdown: Bad file descriptor
2018-May-30 20:52:44.486795 Error: failed to load wallet: invalid password
2018-May-30 20:52:44.486881 ERROR /root/CryptoBid/src/simplewallet/simplewallet.cpp:1137 failed to open account
2018-May-30 20:52:44.486908 ERROR /root/CryptoBid/contrib/epee/include/net/net_helper.h:575 Problems at cancel: Bad file descriptor
2018-May-30 20:52:44.486918 ERROR /root/CryptoBid/contrib/epee/include/net/net_helper.h:580 Problems at shutdown: Bad file descriptor
2018-May-30 20:53:12.143925 CryptoBid 'test' (v0.0.0.1-testnet)
2018-May-30 20:53:12.144019 Setting log level = 0
2018-May-30 20:53:12.144032 default_log: ./cryptobid-wallet-cli.log
2018-May-30 20:53:12.144128 Logging at log level 0 to /root/CryptoBid/build/release/bin/./cryptobid-wallet-cli.log
2018-May-30 20:53:26.300619 CryptoBid 'test' (v0.0.0.1-testnet)
2018-May-30 20:53:26.300737 Setting log level = 0
2018-May-30 20:53:26.300769 default_log: ./cryptobid-wallet-cli.log
2018-May-30 20:53:26.301490 Logging at log level 0 to /root/CryptoBid/build/release/bin/./cryptobid-wallet-cli.log
2018-May-30 20:54:13.075406 CryptoBid 'test' (v0.0.0.1-testnet)
2018-May-30 20:54:13.075529 Setting log level = 0
2018-May-30 20:54:13.075543 default_log: ./cryptobid-wallet-cli.log
2018-May-30 20:54:13.075623 Logging at log level 0 to /root/CryptoBid/build/release/bin/./cryptobid-wallet-cli.log
2018-May-30 20:54:22.812109 Loaded wallet keys file, with public address: bidtor8mvWoL3kPk8s8aWVZuJS7e1p7Ld1Q7nSeUPDzAJC1yrzNtGNMLNCEtSjijoih9Ms62oVPZz9sEnBWZxN2m9hMnXFAXNcb
2018-May-30 20:57:42.881097 Error: Daemon uses a different RPC major version (0) than the wallet (1): http://localhost:29332. Either update one of them, or use --allow-mismatched-daemon-version.
2018-May-30 21:01:02.883599 Error: Daemon uses a different RPC major version (0) than the wallet (1): http://localhost:29332. Either update one of them, or use --allow-mismatched-daemon-version.
